# JRE version: Java(TM) SE Runtime Environment (21.0.3+7) (build 21.0.3+7-LTS-152)
# Java VM: Java HotSpot(TM) 64-Bit Server VM (21.0.3+7-LTS-152, mixed mode, sharing, tiered, compressed oops, compressed class ptrs, g1 gc, windows-amd64)
GC Precious Log:
 CardTable entry size: 512
 Card Set container configuration: InlinePtr #cards 5 size 8 Array Of Cards #cards 12 size 40 Howl #buckets 4 coarsen threshold 1843 Howl Bitmap #cards 512 size 80 coarsen threshold 460 Card regions per heap region 1 cards per card region 2048
 CPUs: 16 total, 16 available
 Memory: 16176M
 Large Page Support: Disabled
 NUMA Support: Disabled
 Compressed Oops: Enabled (32-bit)
 Heap Region Size: 1M
 Heap Min Capacity: 256M
 Heap Initial Capacity: 256M
 Heap Max Capacity: 512M
 Pre-touch: Disabled
 Parallel Workers: 13
 Concurrent Workers: 3
 Concurrent Refinement Workers: 13
 Periodic GC: Disabled
Heap:
 garbage-first heap   total 262144K, used 115617K [0x00000000e0000000, 0x0000000100000000)
  region size 1024K, 64 young (65536K), 3 survivors (3072K)
 Metaspace       used 62309K, committed 64256K, reserved 393216K
  class space    used 8874K, committed 9856K, reserved 327680K
GC Heap History (18 events):
Event: 0.272 GC heap before
{Heap before GC invocations=0 (full 0):
 garbage-first heap   total 262144K, used 26624K [0x00000000e0000000, 0x0000000100000000)
  region size 1024K, 23 young (23552K), 0 survivors (0K)
 Metaspace       used 3126K, committed 3264K, reserved 393216K
  class space    used 389K, committed 448K, reserved 327680K
}
Event: 0.275 GC heap after
{Heap after GC invocations=1 (full 0):
 garbage-first heap   total 262144K, used 11036K [0x00000000e0000000, 0x0000000100000000)
  region size 1024K, 3 young (3072K), 3 survivors (3072K)
 Metaspace       used 3126K, committed 3264K, reserved 393216K
  class space    used 389K, committed 448K, reserved 327680K
}
Event: 0.486 GC heap before
{Heap before GC invocations=1 (full 0):
 garbage-first heap   total 262144K, used 40732K [0x00000000e0000000, 0x0000000100000000)
  region size 1024K, 32 young (32768K), 3 survivors (3072K)
 Metaspace       used 4212K, committed 4416K, reserved 393216K
  class space    used 503K, committed 640K, reserved 327680K
}
Event: 0.488 GC heap after
{Heap after GC invocations=2 (full 0):
 garbage-first heap   total 262144K, used 11662K [0x00000000e0000000, 0x0000000100000000)
  region size 1024K, 1 young (1024K), 1 survivors (1024K)
 Metaspace       used 4212K, committed 4416K, reserved 393216K
  class space    used 503K, committed 640K, reserved 327680K
}
Event: 1.416 GC heap before
{Heap before GC invocations=2 (full 0):
 garbage-first heap   total 262144K, used 119182K [0x00000000e0000000, 0x0000000100000000)
  region size 1024K, 106 young (108544K), 1 survivors (1024K)
 Metaspace       used 20809K, committed 21504K, reserved 393216K
  class space    used 2981K, committed 3328K, reserved 327680K
}
Event: 1.421 GC heap after
{Heap after GC invocations=3 (full 0):
 garbage-first heap   total 262144K, used 23298K [0x00000000e0000000, 0x0000000100000000)
  region size 1024K, 13 young (13312K), 13 survivors (13312K)
 Metaspace       used 20809K, committed 21504K, reserved 393216K
  class space    used 2981K, committed 3328K, reserved 327680K
}
Event: 2.078 GC heap before
{Heap before GC invocations=4 (full 0):
 garbage-first heap   total 262144K, used 125698K [0x00000000e0000000, 0x0000000100000000)
  region size 1024K, 115 young (117760K), 13 survivors (13312K)
 Metaspace       used 34774K, committed 35968K, reserved 393216K
  class space    used 4960K, committed 5568K, reserved 327680K
}
Event: 2.083 GC heap after
{Heap after GC invocations=5 (full 0):
 garbage-first heap   total 262144K, used 31956K [0x00000000e0000000, 0x0000000100000000)
  region size 1024K, 9 young (9216K), 9 survivors (9216K)
 Metaspace       used 34774K, committed 35968K, reserved 393216K
  class space    used 4960K, committed 5568K, reserved 327680K
}
Event: 2.114 GC heap before
{Heap before GC invocations=5 (full 0):
 garbage-first heap   total 262144K, used 36052K [0x00000000e0000000, 0x0000000100000000)
  region size 1024K, 14 young (14336K), 9 survivors (9216K)
 Metaspace       used 35070K, committed 36288K, reserved 393216K
  class space    used 5012K, committed 5632K, reserved 327680K
}
Event: 2.116 GC heap after
{Heap after GC invocations=6 (full 0):
 garbage-first heap   total 262144K, used 31666K [0x00000000e0000000, 0x0000000100000000)
  region size 1024K, 8 young (8192K), 8 survivors (8192K)
 Metaspace       used 35070K, committed 36288K, reserved 393216K
  class space    used 5012K, committed 5632K, reserved 327680K
}
Event: 2.141 GC heap before
{Heap before GC invocations=6 (full 0):
 garbage-first heap   total 262144K, used 33714K [0x00000000e0000000, 0x0000000100000000)
  region size 1024K, 11 young (11264K), 8 survivors (8192K)
 Metaspace       used 35397K, committed 36608K, reserved 393216K
  class space    used 5065K, committed 5696K, reserved 327680K
}
Event: 2.144 GC heap after
{Heap after GC invocations=7 (full 0):
 garbage-first heap   total 262144K, used 31474K [0x00000000e0000000, 0x0000000100000000)
  region size 1024K, 8 young (8192K), 8 survivors (8192K)
 Metaspace       used 35397K, committed 36608K, reserved 393216K
  class space    used 5065K, committed 5696K, reserved 327680K
}
Event: 3.139 GC heap before
{Heap before GC invocations=8 (full 0):
 garbage-first heap   total 262144K, used 187122K [0x00000000e0000000, 0x0000000100000000)
  region size 1024K, 153 young (156672K), 8 survivors (8192K)
 Metaspace       used 51127K, committed 52928K, reserved 393216K
  class space    used 7419K, committed 8320K, reserved 327680K
}
Event: 3.145 GC heap after
{Heap after GC invocations=9 (full 0):
 garbage-first heap   total 262144K, used 40806K [0x00000000e0000000, 0x0000000100000000)
  region size 1024K, 17 young (17408K), 17 survivors (17408K)
 Metaspace       used 51127K, committed 52928K, reserved 393216K
  class space    used 7419K, committed 8320K, reserved 327680K
}
Event: 4.033 GC heap before
{Heap before GC invocations=9 (full 0):
 garbage-first heap   total 262144K, used 179046K [0x00000000e0000000, 0x0000000100000000)
  region size 1024K, 153 young (156672K), 17 survivors (17408K)
 Metaspace       used 58275K, committed 60096K, reserved 393216K
  class space    used 8369K, committed 9280K, reserved 327680K
}
Event: 4.041 GC heap after
{Heap after GC invocations=10 (full 0):
 garbage-first heap   total 262144K, used 51151K [0x00000000e0000000, 0x0000000100000000)
  region size 1024K, 20 young (20480K), 20 survivors (20480K)
 Metaspace       used 58275K, committed 60096K, reserved 393216K
  class space    used 8369K, committed 9280K, reserved 327680K
}
Event: 4.352 GC heap before
{Heap before GC invocations=10 (full 0):
 garbage-first heap   total 262144K, used 112591K [0x00000000e0000000, 0x0000000100000000)
  region size 1024K, 81 young (82944K), 20 survivors (20480K)
 Metaspace       used 59242K, committed 61120K, reserved 393216K
  class space    used 8417K, committed 9344K, reserved 327680K
}
Event: 4.359 GC heap after
{Heap after GC invocations=11 (full 0):
 garbage-first heap   total 262144K, used 54177K [0x00000000e0000000, 0x0000000100000000)
  region size 1024K, 3 young (3072K), 3 survivors (3072K)
 Metaspace       used 59242K, committed 61120K, reserved 393216K
  class space    used 8417K, committed 9344K, reserved 327680K
}

