# JRE version: Java(TM) SE Runtime Environment (21.0.3+7) (build 21.0.3+7-LTS-152)
# Java VM: Java HotSpot(TM) 64-Bit Server VM (21.0.3+7-LTS-152, mixed mode, sharing, tiered, compressed oops, compressed class ptrs, g1 gc, windows-amd64)
GC Precious Log:
 CardTable entry size: 512
 Card Set container configuration: InlinePtr #cards 5 size 8 Array Of Cards #cards 12 size 40 Howl #buckets 4 coarsen threshold 1843 Howl Bitmap #cards 512 size 80 coarsen threshold 460 Card regions per heap region 1 cards per card region 2048
 CPUs: 16 total, 16 available
 Memory: 16176M
 Large Page Support: Disabled
 NUMA Support: Disabled
 Compressed Oops: Enabled (32-bit)
 Heap Region Size: 1M
 Heap Min Capacity: 256M
 Heap Initial Capacity: 256M
 Heap Max Capacity: 512M
 Pre-touch: Disabled
 Parallel Workers: 13
 Concurrent Workers: 3
 Concurrent Refinement Workers: 13
 Periodic GC: Disabled
Heap:
 garbage-first heap   total 262144K, used 60292K [0x00000000e0000000, 0x0000000100000000)
  region size 1024K, 21 young (21504K), 16 survivors (16384K)
 Metaspace       used 62797K, committed 64768K, reserved 393216K
  class space    used 8933K, committed 9920K, reserved 327680K
GC Heap History (14 events):
Event: 0.272 GC heap before
{Heap before GC invocations=0 (full 0):
 garbage-first heap   total 262144K, used 26624K [0x00000000e0000000, 0x0000000100000000)
  region size 1024K, 23 young (23552K), 0 survivors (0K)
 Metaspace       used 3123K, committed 3264K, reserved 393216K
  class space    used 388K, committed 448K, reserved 327680K
}
Event: 0.274 GC heap after
{Heap after GC invocations=1 (full 0):
 garbage-first heap   total 262144K, used 10502K [0x00000000e0000000, 0x0000000100000000)
  region size 1024K, 3 young (3072K), 3 survivors (3072K)
 Metaspace       used 3123K, committed 3264K, reserved 393216K
  class space    used 388K, committed 448K, reserved 327680K
}
Event: 0.488 GC heap before
{Heap before GC invocations=1 (full 0):
 garbage-first heap   total 262144K, used 40198K [0x00000000e0000000, 0x0000000100000000)
  region size 1024K, 32 young (32768K), 3 survivors (3072K)
 Metaspace       used 4216K, committed 4416K, reserved 393216K
  class space    used 505K, committed 640K, reserved 327680K
}
Event: 0.490 GC heap after
{Heap after GC invocations=2 (full 0):
 garbage-first heap   total 262144K, used 11344K [0x00000000e0000000, 0x0000000100000000)
  region size 1024K, 1 young (1024K), 1 survivors (1024K)
 Metaspace       used 4216K, committed 4416K, reserved 393216K
  class space    used 505K, committed 640K, reserved 327680K
}
Event: 1.408 GC heap before
{Heap before GC invocations=2 (full 0):
 garbage-first heap   total 262144K, used 119888K [0x00000000e0000000, 0x0000000100000000)
  region size 1024K, 107 young (109568K), 1 survivors (1024K)
 Metaspace       used 20794K, committed 21504K, reserved 393216K
  class space    used 2983K, committed 3328K, reserved 327680K
}
Event: 1.414 GC heap after
{Heap after GC invocations=3 (full 0):
 garbage-first heap   total 262144K, used 23227K [0x00000000e0000000, 0x0000000100000000)
  region size 1024K, 13 young (13312K), 13 survivors (13312K)
 Metaspace       used 20794K, committed 21504K, reserved 393216K
  class space    used 2983K, committed 3328K, reserved 327680K
}
Event: 2.066 GC heap before
{Heap before GC invocations=4 (full 0):
 garbage-first heap   total 262144K, used 125627K [0x00000000e0000000, 0x0000000100000000)
  region size 1024K, 115 young (117760K), 13 survivors (13312K)
 Metaspace       used 34769K, committed 35968K, reserved 393216K
  class space    used 4959K, committed 5568K, reserved 327680K
}
Event: 2.072 GC heap after
{Heap after GC invocations=5 (full 0):
 garbage-first heap   total 262144K, used 31272K [0x00000000e0000000, 0x0000000100000000)
  region size 1024K, 9 young (9216K), 9 survivors (9216K)
 Metaspace       used 34769K, committed 35968K, reserved 393216K
  class space    used 4959K, committed 5568K, reserved 327680K
}
Event: 3.126 GC heap before
{Heap before GC invocations=6 (full 0):
 garbage-first heap   total 262144K, used 184872K [0x00000000e0000000, 0x0000000100000000)
  region size 1024K, 153 young (156672K), 9 survivors (9216K)
 Metaspace       used 51139K, committed 52928K, reserved 393216K
  class space    used 7433K, committed 8320K, reserved 327680K
}
Event: 3.132 GC heap after
{Heap after GC invocations=7 (full 0):
 garbage-first heap   total 262144K, used 40330K [0x00000000e0000000, 0x0000000100000000)
  region size 1024K, 18 young (18432K), 18 survivors (18432K)
 Metaspace       used 51139K, committed 52928K, reserved 393216K
  class space    used 7433K, committed 8320K, reserved 327680K
}
Event: 4.079 GC heap before
{Heap before GC invocations=7 (full 0):
 garbage-first heap   total 262144K, used 173450K [0x00000000e0000000, 0x0000000100000000)
  region size 1024K, 150 young (153600K), 18 survivors (18432K)
 Metaspace       used 58299K, committed 60096K, reserved 393216K
  class space    used 8381K, committed 9280K, reserved 327680K
}
Event: 4.087 GC heap after
{Heap after GC invocations=8 (full 0):
 garbage-first heap   total 262144K, used 51200K [0x00000000e0000000, 0x0000000100000000)
  region size 1024K, 20 young (20480K), 20 survivors (20480K)
 Metaspace       used 58299K, committed 60096K, reserved 393216K
  class space    used 8381K, committed 9280K, reserved 327680K
}
Event: 6.059 GC heap before
{Heap before GC invocations=9 (full 0):
 garbage-first heap   total 262144K, used 187392K [0x00000000e0000000, 0x0000000100000000)
  region size 1024K, 153 young (156672K), 20 survivors (20480K)
 Metaspace       used 62768K, committed 64768K, reserved 393216K
  class space    used 8933K, committed 9920K, reserved 327680K
}
Event: 6.067 GC heap after
{Heap after GC invocations=10 (full 0):
 garbage-first heap   total 262144K, used 56196K [0x00000000e0000000, 0x0000000100000000)
  region size 1024K, 16 young (16384K), 16 survivors (16384K)
 Metaspace       used 62768K, committed 64768K, reserved 393216K
  class space    used 8933K, committed 9920K, reserved 327680K
}

