# JRE version: Java(TM) SE Runtime Environment (21.0.3+7) (build 21.0.3+7-LTS-152)
# Java VM: Java HotSpot(TM) 64-Bit Server VM (21.0.3+7-LTS-152, mixed mode, sharing, tiered, compressed oops, compressed class ptrs, g1 gc, windows-amd64)
GC Precious Log:
 CardTable entry size: 512
 Card Set container configuration: InlinePtr #cards 5 size 8 Array Of Cards #cards 12 size 40 Howl #buckets 4 coarsen threshold 1843 Howl Bitmap #cards 512 size 80 coarsen threshold 460 Card regions per heap region 1 cards per card region 2048
 CPUs: 16 total, 16 available
 Memory: 16176M
 Large Page Support: Disabled
 NUMA Support: Disabled
 Compressed Oops: Enabled (32-bit)
 Heap Region Size: 1M
 Heap Min Capacity: 8M
 Heap Initial Capacity: 254M
 Heap Max Capacity: 512M
 Pre-touch: Disabled
 Parallel Workers: 13
 Concurrent Workers: 3
 Concurrent Refinement Workers: 13
 Periodic GC: Disabled
Heap:
 garbage-first heap   total 260096K, used 42911K [0x00000000e0000000, 0x0000000100000000)
  region size 1024K, 36 young (36864K), 4 survivors (4096K)
 Metaspace       used 12993K, committed 13376K, reserved 1114112K
  class space    used 1519K, committed 1728K, reserved 1048576K
GC Heap History (6 events):
Event: 0.291 GC heap before
{Heap before GC invocations=0 (full 0):
 garbage-first heap   total 260096K, used 23552K [0x00000000e0000000, 0x0000000100000000)
  region size 1024K, 23 young (23552K), 0 survivors (0K)
 Metaspace       used 3628K, committed 3840K, reserved 1114112K
  class space    used 332K, committed 448K, reserved 1048576K
}
Event: 0.294 GC heap after
{Heap after GC invocations=1 (full 0):
 garbage-first heap   total 260096K, used 7483K [0x00000000e0000000, 0x0000000100000000)
  region size 1024K, 3 young (3072K), 3 survivors (3072K)
 Metaspace       used 3628K, committed 3840K, reserved 1114112K
  class space    used 332K, committed 448K, reserved 1048576K
}
Event: 0.515 GC heap before
{Heap before GC invocations=1 (full 0):
 garbage-first heap   total 260096K, used 36155K [0x00000000e0000000, 0x0000000100000000)
  region size 1024K, 31 young (31744K), 3 survivors (3072K)
 Metaspace       used 6841K, committed 7040K, reserved 1114112K
  class space    used 738K, committed 832K, reserved 1048576K
}
Event: 0.518 GC heap after
{Heap after GC invocations=2 (full 0):
 garbage-first heap   total 260096K, used 9636K [0x00000000e0000000, 0x0000000100000000)
  region size 1024K, 3 young (3072K), 3 survivors (3072K)
 Metaspace       used 6841K, committed 7040K, reserved 1114112K
  class space    used 738K, committed 832K, reserved 1048576K
}
Event: 0.962 GC heap before
{Heap before GC invocations=2 (full 0):
 garbage-first heap   total 260096K, used 73124K [0x00000000e0000000, 0x0000000100000000)
  region size 1024K, 65 young (66560K), 3 survivors (3072K)
 Metaspace       used 11462K, committed 11776K, reserved 1114112K
  class space    used 1346K, committed 1536K, reserved 1048576K
}
Event: 0.964 GC heap after
{Heap after GC invocations=3 (full 0):
 garbage-first heap   total 260096K, used 11167K [0x00000000e0000000, 0x0000000100000000)
  region size 1024K, 4 young (4096K), 4 survivors (4096K)
 Metaspace       used 11462K, committed 11776K, reserved 1114112K
  class space    used 1346K, committed 1536K, reserved 1048576K
}

